<?xml version="1.0" encoding="UTF-8"?>
<!-- Generated by org.testng.reporters.JUnitReportReporter -->
<testsuite hostname="Sandip" failures="0" tests="1" name="CheckoutFunction_DemoWebShop.billingAddressCheckoutScript" time="3.016" errors="0" timestamp="2025-09-22T23:12:43 IST" skipped="0">
  <testcase classname="CheckoutFunction_DemoWebShop.billingAddressCheckoutScript" name="firstNameEmpty" time="3.016"/>
</testsuite> <!-- CheckoutFunction_DemoWebShop.billingAddressCheckoutScript -->
